#
# A fatal error has been detected by the Java Runtime Environment:
#
#  EXCEPTION_ACCESS_VIOLATION (0xc0000005) at pc=0x000001ba79d21066, pid=5444, tid=0x0000000000003a04
#
# JRE version: OpenJDK Runtime Environment (8.0_362-b09) (build 1.8.0_362-b09)
# Java VM: OpenJDK 64-Bit Server VM (25.362-b09 mixed mode windows-amd64 compressed oops)
# Problematic frame:
# C  [OpenAL64.dll+0x11066]
#
# Failed to write core dump. Minidumps are not enabled by default on client versions of Windows
#
# If you would like to submit a bug report, please visit:
#   https://github.com/adoptium/adoptium-support/issues
# The crash happened outside the Java Virtual Machine in native code.
# See problematic frame for where to report the bug.
#

---------------  T H R E A D  ---------------

Current thread (0x000001ba5862c000):  JavaThread "main" [_thread_in_native, id=14852, stack(0x00000033ca700000,0x00000033ca800000)]

siginfo: ExceptionCode=0xc0000005, reading address 0x000001ba78d2c004

Registers:
RAX=0x0000000000000004, RBX=0x000001ba7a230090, RCX=0x000001ba78d2c008, RDX=0x000001ba78d2c004
RSP=0x00000033ca7fce70, RBP=0x00000000000000ff, RSI=0x000001ba78d2767c, RDI=0x0000000000000000
R8 =0x0000000000001262, R9 =0x000001ba78d2767c, R10=0x000001ba5a0a9622, R11=0x0000000069098c80
R12=0x0000000000000001, R13=0x000001ba79b78b20, R14=0x00000033ca7fd010, R15=0x000001ba5862c000
RIP=0x000001ba79d21066, EFLAGS=0x0000000000010202

Top of Stack: (sp=0x00000033ca7fce70)
0x00000033ca7fce70:   0000000000000000 000001ba5862c000
0x00000033ca7fce80:   00000033ca7fd010 000001ba79b78b20
0x00000033ca7fce90:   000001ba79b78b20 0000000000000000
0x00000033ca7fcea0:   000001ba5862c000 0000000000000000
0x00000033ca7fceb0:   00000033ca7fcfd8 0000000068f2f1eb
0x00000033ca7fcec0:   00000033ca7fcef0 000001ba5a0ea2e9
0x00000033ca7fced0:   000001ba585f6760 000001ba5862ca50
0x00000033ca7fcee0:   000001ba5862c000 00000033ca7fd010
0x00000033ca7fcef0:   000001ba79b78b20 0000000000000000
0x00000033ca7fcf00:   000001ba78d2767c 0000000000000248
0x00000033ca7fcf10:   00000033ca7fcfd8 000001ba79d2248f
0x00000033ca7fcf20:   000001ba7a230090 000001ba7a230090
0x00000033ca7fcf30:   000001ba0000ac44 000001ba00000004
0x00000033ca7fcf40:   000001ba5a097bd0 000001ba5a0a964e
0x00000033ca7fcf50:   000001ba79b78b20 0000000000000248
0x00000033ca7fcf60:   000001ba5a097bd0 000001ba5a0a935b 

Instructions: (pc=0x000001ba79d21066)
0x000001ba79d21046:   41 2b ec 81 3a 03 00 02 00 75 09 8b 01 89 84 24
0x000001ba79d21056:   c8 00 00 00 49 83 c0 02 48 83 c1 08 4a 8d 14 86
0x000001ba79d21066:   39 3a 75 af 4c 8d 84 24 c0 00 00 00 48 8d 15 d7
0x000001ba79d21076:   2b 03 00 33 c9 e8 58 5f 00 00 b8 40 1f 00 00 4c 


Register to memory mapping:

RAX=0x0000000000000004 is an unknown value
RBX=0x000001ba7a230090 is an unknown value
RCX=0x000001ba78d2c008 is an unknown value
RDX=0x000001ba78d2c004 is an unknown value
RSP=0x00000033ca7fce70 is pointing into the stack for thread: 0x000001ba5862c000
RBP=0x00000000000000ff is an unknown value
RSI=0x000001ba78d2767c is an unknown value
RDI=0x0000000000000000 is an unknown value
R8 =0x0000000000001262 is an unknown value
R9 =0x000001ba78d2767c is an unknown value
R10=0x000001ba5a0a9622 is at code_begin+962 in an Interpreter codelet
method entry point (kind = native)  [0x000001ba5a0a9260, 0x000001ba5a0a9d00]  2720 bytes
R11=0x0000000069098c80 is an unknown value
R12=0x0000000000000001 is an unknown value
R13={method} {0x000001ba79b78b28} 'nalcCreateContext' '(JJ)J' in 'org/lwjgl/openal/ALC10'
R14=0x00000033ca7fd010 is pointing into the stack for thread: 0x000001ba5862c000
R15=0x000001ba5862c000 is a thread


Stack: [0x00000033ca700000,0x00000033ca800000],  sp=0x00000033ca7fce70,  free space=1011k
Native frames: (J=compiled Java code, j=interpreted, Vv=VM code, C=native code)
C  [OpenAL64.dll+0x11066]
C  [OpenAL64.dll+0x1248f]
C  0x000001ba5a0a964e

Java frames: (J=compiled Java code, j=interpreted, Vv=VM code)
j  org.lwjgl.openal.ALC10.nalcCreateContext(JJ)J+0
j  org.lwjgl.openal.ALC10.alcCreateContext(Lorg/lwjgl/openal/ALCdevice;Ljava/nio/IntBuffer;)Lorg/lwjgl/openal/ALCcontext;+8
j  org.lwjgl.openal.AL.init(Ljava/lang/String;IIZZ)V+69
j  org.lwjgl.openal.AL.create(Ljava/lang/String;IIZZ)V+246
j  org.lwjgl.openal.AL.create(Ljava/lang/String;IIZ)V+5
j  org.lwjgl.openal.AL.create()V+6
j  com.badlogic.gdx.backends.lwjgl.audio.OpenALAudio.<init>(III)V+114
j  com.badlogic.gdx.backends.lwjgl.LwjglApplication.<init>(Lcom/badlogic/gdx/ApplicationListener;Lcom/badlogic/gdx/backends/lwjgl/LwjglApplicationConfiguration;Lcom/badlogic/gdx/backends/lwjgl/LwjglGraphics;)V+120
j  com.badlogic.gdx.backends.lwjgl.LwjglApplication.<init>(Lcom/badlogic/gdx/ApplicationListener;Lcom/badlogic/gdx/backends/lwjgl/LwjglApplicationConfiguration;)V+11
j  org.uqbar.project.wollok.game.gameboard.WollokGDXApplication.<init>(Lorg/uqbar/project/wollok/game/gameboard/Gameboard;Ljava/lang/Boolean;)V+17
j  org.uqbar.project.wollok.game.helpers.Application.start(Lorg/uqbar/project/wollok/game/gameboard/Gameboard;Ljava/lang/Boolean;)V+5
j  org.uqbar.project.wollok.game.gameboard.Gameboard.start(Ljava/lang/Boolean;)V+13
j  wollok.game.GameObject.doStart(Ljava/lang/Boolean;)V+12
v  ~StubRoutines::call_stub
j  sun.reflect.NativeMethodAccessorImpl.invoke0(Ljava/lang/reflect/Method;Ljava/lang/Object;[Ljava/lang/Object;)Ljava/lang/Object;+0
j  sun.reflect.NativeMethodAccessorImpl.invoke(Ljava/lang/Object;[Ljava/lang/Object;)Ljava/lang/Object;+100
J 2646 C1 sun.reflect.DelegatingMethodAccessorImpl.invoke(Ljava/lang/Object;[Ljava/lang/Object;)Ljava/lang/Object; (10 bytes) @ 0x000001ba5a90c00c [0x000001ba5a90bf00+0x10c]
J 2645 C1 java.lang.reflect.Method.invoke(Ljava/lang/Object;[Ljava/lang/Object;)Ljava/lang/Object; (62 bytes) @ 0x000001ba5a908d74 [0x000001ba5a908980+0x3f4]
j  org.uqbar.project.wollok.ui.utils.XTendUtilExtensions.invokeConvertingArgs(Ljava/lang/reflect/Method;Ljava/lang/Object;[Ljava/lang/Object;)Lorg/uqbar/project/wollok/interpreter/core/WollokObject;+261
j  org.uqbar.project.wollok.interpreter.AbstractWollokCallable._invokeNative(Ljava/lang/Object;Ljava/lang/String;[Lorg/uqbar/project/wollok/interpreter/core/WollokObject;)Lorg/uqbar/project/wollok/interpreter/core/WollokObject;+41
j  org.uqbar.project.wollok.interpreter.AbstractWollokCallable.invokeNative(Ljava/lang/Object;Ljava/lang/String;[Lorg/uqbar/project/wollok/interpreter/core/WollokObject;)Lorg/uqbar/project/wollok/interpreter/core/WollokObject;+26
j  org.uqbar.project.wollok.interpreter.AbstractWollokCallable$1.apply()Lorg/uqbar/project/wollok/interpreter/core/WollokObject;+55
j  org.uqbar.project.wollok.interpreter.AbstractWollokCallable$1.apply()Ljava/lang/Object;+1
j  org.uqbar.project.wollok.interpreter.threads.WThread.performOnStack(Lorg/eclipse/emf/ecore/EObject;Lorg/uqbar/project/wollok/interpreter/context/EvaluationContext;Lorg/eclipse/xtext/xbase/lib/Functions$Function0;)Lorg/uqbar/project/wollok/interpreter/core/WollokObject;+29
j  org.uqbar.project.wollok.interpreter.WollokInterpreter.performOnStack(Lorg/eclipse/emf/ecore/EObject;Lorg/uqbar/project/wollok/interpreter/context/EvaluationContext;Lorg/eclipse/xtext/xbase/lib/Functions$Function0;)Lorg/uqbar/project/wollok/interpreter/core/WollokObject;+7
j  org.uqbar.project.wollok.interpreter.AbstractWollokCallable.call(Lorg/uqbar/project/wollok/wollokDsl/WMethodDeclaration;[Lorg/uqbar/project/wollok/interpreter/core/WollokObject;)Lorg/uqbar/project/wollok/interpreter/core/WollokObject;+38
j  org.uqbar.project.wollok.interpreter.core.WollokObject.call(Ljava/lang/String;[Lorg/uqbar/project/wollok/interpreter/core/WollokObject;)Lorg/uqbar/project/wollok/interpreter/core/WollokObject;+55
j  org.uqbar.project.wollok.interpreter.WollokInterpreterEvaluator._evaluate(Lorg/uqbar/project/wollok/wollokDsl/WFeatureCall;)Lorg/uqbar/project/wollok/interpreter/core/WollokObject;+119
j  org.uqbar.project.wollok.launch.WollokLauncherInterpreterEvaluator.evaluate(Lorg/eclipse/emf/ecore/EObject;)Lorg/uqbar/project/wollok/interpreter/core/WollokObject;+412
j  org.uqbar.project.wollok.interpreter.WollokInterpreterEvaluator.evaluate(Lorg/eclipse/emf/ecore/EObject;)Ljava/lang/Object;+2
j  org.uqbar.project.wollok.interpreter.WollokInterpreter.eval(Lorg/eclipse/emf/ecore/EObject;)Lorg/uqbar/project/wollok/interpreter/core/WollokObject;+63
J 3153 C1 org.uqbar.project.wollok.interpreter.WollokInterpreterEvaluator.eval(Lorg/eclipse/emf/ecore/EObject;)Lorg/uqbar/project/wollok/interpreter/core/WollokObject; (9 bytes) @ 0x000001ba5a9e572c [0x000001ba5a9e56c0+0x6c]
j  org.uqbar.project.wollok.interpreter.WollokInterpreterEvaluator$1.apply(Lorg/uqbar/project/wollok/interpreter/core/WollokObject;Lorg/eclipse/emf/ecore/EObject;)Lorg/uqbar/project/wollok/interpreter/core/WollokObject;+5
j  org.uqbar.project.wollok.interpreter.WollokInterpreterEvaluator$1.apply(Ljava/lang/Object;Ljava/lang/Object;)Ljava/lang/Object;+9
j  org.eclipse.xtext.xbase.lib.IteratorExtensions.fold(Ljava/util/Iterator;Ljava/lang/Object;Lorg/eclipse/xtext/xbase/lib/Functions$Function2;)Ljava/lang/Object;+19
j  org.eclipse.xtext.xbase.lib.IterableExtensions.fold(Ljava/lang/Iterable;Ljava/lang/Object;Lorg/eclipse/xtext/xbase/lib/Functions$Function2;)Ljava/lang/Object;+8
j  org.uqbar.project.wollok.interpreter.WollokInterpreterEvaluator.evalAll(Ljava/lang/Iterable;)Lorg/uqbar/project/wollok/interpreter/core/WollokObject;+12
j  org.uqbar.project.wollok.interpreter.WollokInterpreterEvaluator._evaluate(Lorg/uqbar/project/wollok/wollokDsl/WBlockExpression;)Lorg/uqbar/project/wollok/interpreter/core/WollokObject;+34
j  org.uqbar.project.wollok.launch.WollokLauncherInterpreterEvaluator.evaluate(Lorg/eclipse/emf/ecore/EObject;)Lorg/uqbar/project/wollok/interpreter/core/WollokObject;+76
j  org.uqbar.project.wollok.interpreter.WollokInterpreterEvaluator.evaluate(Lorg/eclipse/emf/ecore/EObject;)Ljava/lang/Object;+2
j  org.uqbar.project.wollok.interpreter.WollokInterpreter.eval(Lorg/eclipse/emf/ecore/EObject;)Lorg/uqbar/project/wollok/interpreter/core/WollokObject;+63
j  org.uqbar.project.wollok.interpreter.AbstractWollokCallable.eval(Lorg/eclipse/emf/ecore/EObject;)Lorg/uqbar/project/wollok/interpreter/core/WollokObject;+5
j  org.uqbar.project.wollok.interpreter.AbstractWollokCallable$1.apply()Lorg/uqbar/project/wollok/interpreter/core/WollokObject;+110
j  org.uqbar.project.wollok.interpreter.AbstractWollokCallable$1.apply()Ljava/lang/Object;+1
j  org.uqbar.project.wollok.interpreter.threads.WThread.performOnStack(Lorg/eclipse/emf/ecore/EObject;Lorg/uqbar/project/wollok/interpreter/context/EvaluationContext;Lorg/eclipse/xtext/xbase/lib/Functions$Function0;)Lorg/uqbar/project/wollok/interpreter/core/WollokObject;+29
j  org.uqbar.project.wollok.interpreter.WollokInterpreter.performOnStack(Lorg/eclipse/emf/ecore/EObject;Lorg/uqbar/project/wollok/interpreter/context/EvaluationContext;Lorg/eclipse/xtext/xbase/lib/Functions$Function0;)Lorg/uqbar/project/wollok/interpreter/core/WollokObject;+7
j  org.uqbar.project.wollok.interpreter.AbstractWollokCallable.call(Lorg/uqbar/project/wollok/wollokDsl/WMethodDeclaration;[Lorg/uqbar/project/wollok/interpreter/core/WollokObject;)Lorg/uqbar/project/wollok/interpreter/core/WollokObject;+38
j  org.uqbar.project.wollok.interpreter.core.WollokObject.call(Ljava/lang/String;[Lorg/uqbar/project/wollok/interpreter/core/WollokObject;)Lorg/uqbar/project/wollok/interpreter/core/WollokObject;+55
j  org.uqbar.project.wollok.interpreter.WollokInterpreterEvaluator._evaluate(Lorg/uqbar/project/wollok/wollokDsl/WFeatureCall;)Lorg/uqbar/project/wollok/interpreter/core/WollokObject;+119
j  org.uqbar.project.wollok.launch.WollokLauncherInterpreterEvaluator.evaluate(Lorg/eclipse/emf/ecore/EObject;)Lorg/uqbar/project/wollok/interpreter/core/WollokObject;+412
j  org.uqbar.project.wollok.interpreter.WollokInterpreterEvaluator.evaluate(Lorg/eclipse/emf/ecore/EObject;)Ljava/lang/Object;+2
j  org.uqbar.project.wollok.interpreter.WollokInterpreter.eval(Lorg/eclipse/emf/ecore/EObject;)Lorg/uqbar/project/wollok/interpreter/core/WollokObject;+63
J 3153 C1 org.uqbar.project.wollok.interpreter.WollokInterpreterEvaluator.eval(Lorg/eclipse/emf/ecore/EObject;)Lorg/uqbar/project/wollok/interpreter/core/WollokObject; (9 bytes) @ 0x000001ba5a9e572c [0x000001ba5a9e56c0+0x6c]
j  org.uqbar.project.wollok.interpreter.WollokInterpreterEvaluator$1.apply(Lorg/uqbar/project/wollok/interpreter/core/WollokObject;Lorg/eclipse/emf/ecore/EObject;)Lorg/uqbar/project/wollok/interpreter/core/WollokObject;+5
j  org.uqbar.project.wollok.interpreter.WollokInterpreterEvaluator$1.apply(Ljava/lang/Object;Ljava/lang/Object;)Ljava/lang/Object;+9
j  org.eclipse.xtext.xbase.lib.IteratorExtensions.fold(Ljava/util/Iterator;Ljava/lang/Object;Lorg/eclipse/xtext/xbase/lib/Functions$Function2;)Ljava/lang/Object;+19
j  org.eclipse.xtext.xbase.lib.IterableExtensions.fold(Ljava/lang/Iterable;Ljava/lang/Object;Lorg/eclipse/xtext/xbase/lib/Functions$Function2;)Ljava/lang/Object;+8
j  org.uqbar.project.wollok.interpreter.WollokInterpreterEvaluator.evalAll(Ljava/lang/Iterable;)Lorg/uqbar/project/wollok/interpreter/core/WollokObject;+12
j  org.uqbar.project.wollok.interpreter.WollokInterpreterEvaluator._evaluate(Lorg/uqbar/project/wollok/wollokDsl/WProgram;)Lorg/uqbar/project/wollok/interpreter/core/WollokObject;+18
j  org.uqbar.project.wollok.launch.WollokLauncherInterpreterEvaluator.evaluate(Lorg/eclipse/emf/ecore/EObject;)Lorg/uqbar/project/wollok/interpreter/core/WollokObject;+444
j  org.uqbar.project.wollok.interpreter.WollokInterpreterEvaluator.evaluate(Lorg/eclipse/emf/ecore/EObject;)Ljava/lang/Object;+2
j  org.uqbar.project.wollok.interpreter.WollokInterpreter.eval(Lorg/eclipse/emf/ecore/EObject;)Lorg/uqbar/project/wollok/interpreter/core/WollokObject;+63
j  org.uqbar.project.wollok.interpreter.WollokInterpreterEvaluator.eval(Lorg/eclipse/emf/ecore/EObject;)Lorg/uqbar/project/wollok/interpreter/core/WollokObject;+5
j  org.uqbar.project.wollok.launch.WollokLauncherInterpreterEvaluator._evaluate(Lorg/uqbar/project/wollok/wollokDsl/WFile;)Lorg/uqbar/project/wollok/interpreter/core/WollokObject;+32
j  org.uqbar.project.wollok.launch.WollokLauncherInterpreterEvaluator.evaluate(Lorg/eclipse/emf/ecore/EObject;)Lorg/uqbar/project/wollok/interpreter/core/WollokObject;+428
j  org.uqbar.project.wollok.interpreter.WollokInterpreterEvaluator.evaluate(Lorg/eclipse/emf/ecore/EObject;)Ljava/lang/Object;+2
j  org.uqbar.project.wollok.interpreter.WollokInterpreter.interpret(Lorg/eclipse/emf/ecore/EObject;Ljava/lang/Boolean;)Lorg/uqbar/project/wollok/interpreter/core/WollokObject;+25
j  org.uqbar.project.wollok.interpreter.WollokInterpreter.interpret(Lorg/eclipse/emf/ecore/EObject;)Lorg/uqbar/project/wollok/interpreter/core/WollokObject;+8
j  org.uqbar.project.wollok.launch.WollokLauncher.doSomething(Lorg/uqbar/project/wollok/wollokDsl/WFile;Lcom/google/inject/Injector;Ljava/io/File;Lorg/uqbar/project/wollok/launch/WollokLauncherParameters;)V+109
j  org.uqbar.project.wollok.launch.WollokChecker.launch(Ljava/lang/String;Lorg/uqbar/project/wollok/launch/WollokLauncherParameters;)V+31
j  org.uqbar.project.wollok.launch.WollokChecker.doMain([Ljava/lang/String;)V+205
j  org.uqbar.project.wollok.launch.WollokLauncher.main([Ljava/lang/String;)V+8
v  ~StubRoutines::call_stub

---------------  P R O C E S S  ---------------

Java Threads: ( => current thread )
  0x000001ba761b6800 JavaThread "com.google.inject.internal.util.$Finalizer" daemon [_thread_blocked, id=16328, stack(0x00000033cbe00000,0x00000033cbf00000)]
  0x000001ba75f71800 JavaThread "EMF Reference Cleaner" daemon [_thread_blocked, id=16844, stack(0x00000033cbd00000,0x00000033cbe00000)]
  0x000001ba72f7e800 JavaThread "Service Thread" daemon [_thread_blocked, id=19360, stack(0x00000033cbb00000,0x00000033cbc00000)]
  0x000001ba72f64000 JavaThread "C1 CompilerThread3" daemon [_thread_blocked, id=16364, stack(0x00000033cba00000,0x00000033cbb00000)]
  0x000001ba72f63800 JavaThread "C2 CompilerThread2" daemon [_thread_blocked, id=15976, stack(0x00000033cb900000,0x00000033cba00000)]
  0x000001ba72f60800 JavaThread "C2 CompilerThread1" daemon [_thread_blocked, id=12936, stack(0x00000033cb800000,0x00000033cb900000)]
  0x000001ba72f67000 JavaThread "C2 CompilerThread0" daemon [_thread_blocked, id=17148, stack(0x00000033cb700000,0x00000033cb800000)]
  0x000001ba72f5a000 JavaThread "Attach Listener" daemon [_thread_blocked, id=10848, stack(0x00000033cb600000,0x00000033cb700000)]
  0x000001ba72f53800 JavaThread "Signal Dispatcher" daemon [_thread_blocked, id=16304, stack(0x00000033cb500000,0x00000033cb600000)]
  0x000001ba72f30000 JavaThread "Finalizer" daemon [_thread_blocked, id=11688, stack(0x00000033cb400000,0x00000033cb500000)]
  0x000001ba72f21000 JavaThread "Reference Handler" daemon [_thread_blocked, id=18852, stack(0x00000033cb300000,0x00000033cb400000)]
=>0x000001ba5862c000 JavaThread "main" [_thread_in_native, id=14852, stack(0x00000033ca700000,0x00000033ca800000)]

Other Threads:
  0x000001ba72ef7800 VMThread [stack: 0x00000033cb200000,0x00000033cb300000] [id=16916]
  0x000001ba75446000 WatcherThread [stack: 0x00000033cbc00000,0x00000033cbd00000] [id=15904]

VM state:not at safepoint (normal execution)

VM Mutex/Monitor currently owned by a thread: None

heap address: 0x00000006c9a00000, size: 3942 MB, Compressed Oops mode: Zero based, Oop shift amount: 3
Narrow klass base: 0x0000000000000000, Narrow klass shift: 3
Compressed class space size: 1073741824 Address: 0x00000007c0000000

Heap:
 PSYoungGen      total 138240K, used 18546K [0x000000076de00000, 0x000000077ec00000, 0x00000007c0000000)
  eden space 128000K, 14% used [0x000000076de00000,0x000000076f01cb70,0x0000000775b00000)
  from space 10240K, 0% used [0x0000000775b00000,0x0000000775b00000,0x0000000776500000)
  to   space 10240K, 0% used [0x000000077e200000,0x000000077e200000,0x000000077ec00000)
 ParOldGen       total 127488K, used 17555K [0x00000006c9a00000, 0x00000006d1680000, 0x000000076de00000)
  object space 127488K, 13% used [0x00000006c9a00000,0x00000006cab24d10,0x00000006d1680000)
 Metaspace       used 21865K, capacity 22168K, committed 22400K, reserved 1069056K
  class space    used 2761K, capacity 2856K, committed 2944K, reserved 1048576K

Card table byte_map: [0x000001ba69450000,0x000001ba69c10000] byte_map_base: 0x000001ba65e03000

Marking Bits: (ParMarkBitMap*) 0x000000006966f7f0
 Begin Bits: [0x000001ba6a140000, 0x000001ba6ded8000)
 End Bits:   [0x000001ba6ded8000, 0x000001ba71c70000)

Polling page: 0x000001ba58890000

CodeCache: size=245760Kb used=10065Kb max_used=10086Kb free=235694Kb
 bounds [0x000001ba5a090000, 0x000001ba5aa80000, 0x000001ba69090000]
 total_blobs=3693 nmethods=3241 adapters=364
 compilation: enabled

Compilation events (10 events):
Event: 1.395 Thread 0x000001ba72f64000 3243       3       java.nio.DirectByteBuffer::put (18 bytes)
Event: 1.395 Thread 0x000001ba72f64000 nmethod 3243 0x000001ba5aa4fc10 code [0x000001ba5aa4fd80, 0x000001ba5aa4fff8]
Event: 1.395 Thread 0x000001ba72f64000 3244       3       java.nio.DirectByteBuffer::ix (10 bytes)
Event: 1.396 Thread 0x000001ba72f64000 nmethod 3244 0x000001ba5aa50110 code [0x000001ba5aa50260, 0x000001ba5aa503b8]
Event: 1.396 Thread 0x000001ba72f64000 3246       3       java.nio.DirectByteBuffer::put (18 bytes)
Event: 1.396 Thread 0x000001ba72f64000 nmethod 3246 0x000001ba5aa50450 code [0x000001ba5aa505c0, 0x000001ba5aa50838]
Event: 1.396 Thread 0x000001ba72f64000 3247       1       java.nio.DirectByteBuffer::ix (10 bytes)
Event: 1.396 Thread 0x000001ba72f64000 nmethod 3247 0x000001ba5aa50950 code [0x000001ba5aa50aa0, 0x000001ba5aa50bb8]
Event: 1.412 Thread 0x000001ba72f67000 nmethod 2736 0x000001ba5aa5aa90 code [0x000001ba5aa5b1a0, 0x000001ba5aa612c0]
Event: 1.413 Thread 0x000001ba72f63800 3248   !   4       java.lang.ClassLoader::loadClass (122 bytes)

GC Heap History (8 events):
Event: 0.441 GC heap before
{Heap before GC invocations=1 (full 0):
 PSYoungGen      total 74240K, used 64000K [0x000000076de00000, 0x0000000773080000, 0x00000007c0000000)
  eden space 64000K, 100% used [0x000000076de00000,0x0000000771c80000,0x0000000771c80000)
  from space 10240K, 0% used [0x0000000772680000,0x0000000772680000,0x0000000773080000)
  to   space 10240K, 0% used [0x0000000771c80000,0x0000000771c80000,0x0000000772680000)
 ParOldGen       total 169472K, used 0K [0x00000006c9a00000, 0x00000006d3f80000, 0x000000076de00000)
  object space 169472K, 0% used [0x00000006c9a00000,0x00000006c9a00000,0x00000006d3f80000)
 Metaspace       used 10173K, capacity 10324K, committed 10624K, reserved 1058816K
  class space    used 1213K, capacity 1288K, committed 1408K, reserved 1048576K
Event: 0.446 GC heap after
Heap after GC invocations=1 (full 0):
 PSYoungGen      total 74240K, used 10229K [0x000000076de00000, 0x0000000776f00000, 0x00000007c0000000)
  eden space 64000K, 0% used [0x000000076de00000,0x000000076de00000,0x0000000771c80000)
  from space 10240K, 99% used [0x0000000771c80000,0x000000077267d668,0x0000000772680000)
  to   space 10240K, 0% used [0x0000000776500000,0x0000000776500000,0x0000000776f00000)
 ParOldGen       total 169472K, used 3774K [0x00000006c9a00000, 0x00000006d3f80000, 0x000000076de00000)
  object space 169472K, 2% used [0x00000006c9a00000,0x00000006c9dafa10,0x00000006d3f80000)
 Metaspace       used 10173K, capacity 10324K, committed 10624K, reserved 1058816K
  class space    used 1213K, capacity 1288K, committed 1408K, reserved 1048576K
}
Event: 0.834 GC heap before
{Heap before GC invocations=2 (full 0):
 PSYoungGen      total 74240K, used 74229K [0x000000076de00000, 0x0000000776f00000, 0x00000007c0000000)
  eden space 64000K, 100% used [0x000000076de00000,0x0000000771c80000,0x0000000771c80000)
  from space 10240K, 99% used [0x0000000771c80000,0x000000077267d668,0x0000000772680000)
  to   space 10240K, 0% used [0x0000000776500000,0x0000000776500000,0x0000000776f00000)
 ParOldGen       total 169472K, used 3774K [0x00000006c9a00000, 0x00000006d3f80000, 0x000000076de00000)
  object space 169472K, 2% used [0x00000006c9a00000,0x00000006c9dafa10,0x00000006d3f80000)
 Metaspace       used 16979K, capacity 17206K, committed 17408K, reserved 1064960K
  class space    used 2142K, capacity 2227K, committed 2304K, reserved 1048576K
Event: 0.841 GC heap after
Heap after GC invocations=2 (full 0):
 PSYoungGen      total 138240K, used 10229K [0x000000076de00000, 0x0000000776f00000, 0x00000007c0000000)
  eden space 128000K, 0% used [0x000000076de00000,0x000000076de00000,0x0000000775b00000)
  from space 10240K, 99% used [0x0000000776500000,0x0000000776efd488,0x0000000776f00000)
  to   space 10240K, 0% used [0x0000000775b00000,0x0000000775b00000,0x0000000776500000)
 ParOldGen       total 169472K, used 11829K [0x00000006c9a00000, 0x00000006d3f80000, 0x000000076de00000)
  object space 169472K, 6% used [0x00000006c9a00000,0x00000006ca58d5d8,0x00000006d3f80000)
 Metaspace       used 16979K, capacity 17206K, committed 17408K, reserved 1064960K
  class space    used 2142K, capacity 2227K, committed 2304K, reserved 1048576K
}
Event: 1.216 GC heap before
{Heap before GC invocations=3 (full 0):
 PSYoungGen      total 138240K, used 59152K [0x000000076de00000, 0x0000000776f00000, 0x00000007c0000000)
  eden space 128000K, 38% used [0x000000076de00000,0x0000000770dc6bc0,0x0000000775b00000)
  from space 10240K, 99% used [0x0000000776500000,0x0000000776efd488,0x0000000776f00000)
  to   space 10240K, 0% used [0x0000000775b00000,0x0000000775b00000,0x0000000776500000)
 ParOldGen       total 169472K, used 11829K [0x00000006c9a00000, 0x00000006d3f80000, 0x000000076de00000)
  object space 169472K, 6% used [0x00000006c9a00000,0x00000006ca58d5d8,0x00000006d3f80000)
 Metaspace       used 20820K, capacity 21068K, committed 21248K, reserved 1067008K
  class space    used 2643K, capacity 2726K, committed 2816K, reserved 1048576K
Event: 1.221 GC heap after
Heap after GC invocations=3 (full 0):
 PSYoungGen      total 138240K, used 10226K [0x000000076de00000, 0x000000077ec00000, 0x00000007c0000000)
  eden space 128000K, 0% used [0x000000076de00000,0x000000076de00000,0x0000000775b00000)
  from space 10240K, 99% used [0x0000000775b00000,0x00000007764fcad8,0x0000000776500000)
  to   space 10240K, 0% used [0x000000077e200000,0x000000077e200000,0x000000077ec00000)
 ParOldGen       total 169472K, used 17601K [0x00000006c9a00000, 0x00000006d3f80000, 0x000000076de00000)
  object space 169472K, 10% used [0x00000006c9a00000,0x00000006cab30420,0x00000006d3f80000)
 Metaspace       used 20820K, capacity 21068K, committed 21248K, reserved 1067008K
  class space    used 2643K, capacity 2726K, committed 2816K, reserved 1048576K
}
Event: 1.221 GC heap before
{Heap before GC invocations=4 (full 1):
 PSYoungGen      total 138240K, used 10226K [0x000000076de00000, 0x000000077ec00000, 0x00000007c0000000)
  eden space 128000K, 0% used [0x000000076de00000,0x000000076de00000,0x0000000775b00000)
  from space 10240K, 99% used [0x0000000775b00000,0x00000007764fcad8,0x0000000776500000)
  to   space 10240K, 0% used [0x000000077e200000,0x000000077e200000,0x000000077ec00000)
 ParOldGen       total 169472K, used 17601K [0x00000006c9a00000, 0x00000006d3f80000, 0x000000076de00000)
  object space 169472K, 10% used [0x00000006c9a00000,0x00000006cab30420,0x00000006d3f80000)
 Metaspace       used 20820K, capacity 21068K, committed 21248K, reserved 1067008K
  class space    used 2643K, capacity 2726K, committed 2816K, reserved 1048576K
Event: 1.246 GC heap after
Heap after GC invocations=4 (full 1):
 PSYoungGen      total 138240K, used 0K [0x000000076de00000, 0x000000077ec00000, 0x00000007c0000000)
  eden space 128000K, 0% used [0x000000076de00000,0x000000076de00000,0x0000000775b00000)
  from space 10240K, 0% used [0x0000000775b00000,0x0000000775b00000,0x0000000776500000)
  to   space 10240K, 0% used [0x000000077e200000,0x000000077e200000,0x000000077ec00000)
 ParOldGen       total 127488K, used 17555K [0x00000006c9a00000, 0x00000006d1680000, 0x000000076de00000)
  object space 127488K, 13% used [0x00000006c9a00000,0x00000006cab24d10,0x00000006d1680000)
 Metaspace       used 20820K, capacity 21068K, committed 21248K, reserved 1067008K
  class space    used 2643K, capacity 2726K, committed 2816K, reserved 1048576K
}

Deoptimization events (10 events):
Event: 1.099 Thread 0x000001ba5862c000 Uncommon trap: reason=bimorphic action=maybe_recompile pc=0x000001ba5a860330 method=java.util.Arrays.equals([Ljava/lang/Object;[Ljava/lang/Object;)Z @ 62
Event: 1.120 Thread 0x000001ba5862c000 Uncommon trap: reason=unstable_if action=reinterpret pc=0x000001ba5a41fb44 method=java.lang.ref.SoftReference.get()Ljava/lang/Object; @ 17
Event: 1.140 Thread 0x000001ba5862c000 Uncommon trap: reason=unstable_if action=reinterpret pc=0x000001ba5a5794fc method=java.util.concurrent.ConcurrentHashMap.putVal(Ljava/lang/Object;Ljava/lang/Object;Z)Ljava/lang/Object; @ 181
Event: 1.178 Thread 0x000001ba5862c000 Uncommon trap: reason=bimorphic action=maybe_recompile pc=0x000001ba5a939248 method=com.google.common.collect.AbstractIterator.tryToComputeNext()Z @ 9
Event: 1.178 Thread 0x000001ba5862c000 Uncommon trap: reason=bimorphic action=maybe_recompile pc=0x000001ba5a939248 method=com.google.common.collect.AbstractIterator.tryToComputeNext()Z @ 9
Event: 1.178 Thread 0x000001ba5862c000 Uncommon trap: reason=bimorphic action=maybe_recompile pc=0x000001ba5a939248 method=com.google.common.collect.AbstractIterator.tryToComputeNext()Z @ 9
Event: 1.178 Thread 0x000001ba5862c000 Uncommon trap: reason=bimorphic action=maybe_recompile pc=0x000001ba5a939248 method=com.google.common.collect.AbstractIterator.tryToComputeNext()Z @ 9
Event: 1.316 Thread 0x000001ba5862c000 Uncommon trap: reason=unstable_if action=reinterpret pc=0x000001ba5a3e1ce8 method=java.io.WinNTFileSystem.normalize(Ljava/lang/String;)Ljava/lang/String; @ 49
Event: 1.326 Thread 0x000001ba5862c000 Uncommon trap: reason=predicate action=maybe_recompile pc=0x000001ba5a4cfbac method=java.lang.String.regionMatches(ZILjava/lang/String;II)Z @ 63
Event: 1.378 Thread 0x000001ba5862c000 Uncommon trap: reason=unstable_if action=reinterpret pc=0x000001ba5a441a18 method=java.lang.ThreadLocal$ThreadLocalMap.getEntry(Ljava/lang/ThreadLocal;)Ljava/lang/ThreadLocal$ThreadLocalMap$Entry; @ 29

Classes redefined (0 events):
No events

Internal exceptions (10 events):
Event: 1.187 Thread 0x000001ba5862c000 Exception <a 'java/lang/reflect/InvocationTargetException'> (0x00000007707bdcf8) thrown at [J:\jenkins\tmp\workspace\build\src\hotspot\src\share\vm\runtime\reflection.cpp, line 1092]
Event: 1.188 Thread 0x000001ba5862c000 Exception <a 'java/lang/reflect/InvocationTargetException'> (0x00000007707da0e0) thrown at [J:\jenkins\tmp\workspace\build\src\hotspot\src\share\vm\runtime\reflection.cpp, line 1092]
Event: 1.189 Thread 0x000001ba5862c000 Exception <a 'java/lang/reflect/InvocationTargetException'> (0x00000007707f65b0) thrown at [J:\jenkins\tmp\workspace\build\src\hotspot\src\share\vm\runtime\reflection.cpp, line 1092]
Event: 1.190 Thread 0x000001ba5862c000 Exception <a 'java/lang/reflect/InvocationTargetException'> (0x000000077083acc8) thrown at [J:\jenkins\tmp\workspace\build\src\hotspot\src\share\vm\runtime\reflection.cpp, line 1092]
Event: 1.399 Thread 0x000001ba5862c000 Exception <a 'java/security/PrivilegedActionException'> (0x000000076eec4ed8) thrown at [J:\jenkins\tmp\workspace\build\src\hotspot\src\share\vm\prims\jvm.cpp, line 1514]
Event: 1.399 Thread 0x000001ba5862c000 Exception <a 'java/security/PrivilegedActionException'> (0x000000076eec6408) thrown at [J:\jenkins\tmp\workspace\build\src\hotspot\src\share\vm\prims\jvm.cpp, line 1514]
Event: 1.399 Thread 0x000001ba5862c000 Exception <a 'java/security/PrivilegedActionException'> (0x000000076eec7838) thrown at [J:\jenkins\tmp\workspace\build\src\hotspot\src\share\vm\prims\jvm.cpp, line 1514]
Event: 1.399 Thread 0x000001ba5862c000 Exception <a 'java/security/PrivilegedActionException'> (0x000000076eec8ef8) thrown at [J:\jenkins\tmp\workspace\build\src\hotspot\src\share\vm\prims\jvm.cpp, line 1514]
Event: 1.399 Thread 0x000001ba5862c000 Exception <a 'java/security/PrivilegedActionException'> (0x000000076eeca2f0) thrown at [J:\jenkins\tmp\workspace\build\src\hotspot\src\share\vm\prims\jvm.cpp, line 1514]
Event: 1.399 Thread 0x000001ba5862c000 Exception <a 'java/security/PrivilegedActionException'> (0x000000076eecb6b8) thrown at [J:\jenkins\tmp\workspace\build\src\hotspot\src\share\vm\prims\jvm.cpp, line 1514]

Events (10 events):
Event: 1.412 loading class org/lwjgl/openal/ALCdevice
Event: 1.412 loading class org/lwjgl/openal/ALCdevice done
Event: 1.413 loading class org/lwjgl/openal/ALCcontext
Event: 1.413 loading class org/lwjgl/openal/ALCcontext done
Event: 1.413 loading class java/nio/DirectIntBufferU
Event: 1.413 loading class java/nio/DirectIntBufferU done
Event: 1.413 loading class org/lwjgl/openal/Util
Event: 1.413 loading class org/lwjgl/openal/Util done
Event: 1.413 loading class org/lwjgl/openal/OpenALException
Event: 1.413 loading class org/lwjgl/openal/OpenALException done


Dynamic libraries:
0x00007ff7cd400000 - 0x00007ff7cd445000 	C:\Program Files\Eclipse Adoptium\jdk-8.0.362.9-hotspot\bin\javaw.exe
0x00007ffc391f0000 - 0x00007ffc393e8000 	C:\Windows\SYSTEM32\ntdll.dll
0x00007ffc38da0000 - 0x00007ffc38e5f000 	C:\Windows\System32\KERNEL32.DLL
0x00007ffc36bf0000 - 0x00007ffc36ee6000 	C:\Windows\System32\KERNELBASE.dll
0x00007ffc382e0000 - 0x00007ffc3838f000 	C:\Windows\System32\ADVAPI32.dll
0x00007ffc38390000 - 0x00007ffc3842e000 	C:\Windows\System32\msvcrt.dll
0x00007ffc37e00000 - 0x00007ffc37e9c000 	C:\Windows\System32\sechost.dll
0x00007ffc37ad0000 - 0x00007ffc37bf6000 	C:\Windows\System32\RPCRT4.dll
0x00007ffc38e90000 - 0x00007ffc3902d000 	C:\Windows\System32\USER32.dll
0x00007ffc36a30000 - 0x00007ffc36a52000 	C:\Windows\System32\win32u.dll
0x00007ffc38050000 - 0x00007ffc3807c000 	C:\Windows\System32\GDI32.dll
0x00007ffc36ad0000 - 0x00007ffc36be5000 	C:\Windows\System32\gdi32full.dll
0x00007ffc371b0000 - 0x00007ffc3724d000 	C:\Windows\System32\msvcp_win.dll
0x00007ffc36f20000 - 0x00007ffc37020000 	C:\Windows\System32\ucrtbase.dll
0x00007ffc2a3d0000 - 0x00007ffc2a66a000 	C:\Windows\WinSxS\amd64_microsoft.windows.common-controls_6595b64144ccf1df_6.0.19041.1110_none_60b5254171f9507e\COMCTL32.dll
0x00007ffc38e60000 - 0x00007ffc38e90000 	C:\Windows\System32\IMM32.DLL
0x00007ffc31b80000 - 0x00007ffc31b95000 	C:\Program Files\Eclipse Adoptium\jdk-8.0.362.9-hotspot\jre\bin\vcruntime140.dll
0x00007ffc28fb0000 - 0x00007ffc2904b000 	C:\Program Files\Eclipse Adoptium\jdk-8.0.362.9-hotspot\jre\bin\msvcp140.dll
0x0000000068e90000 - 0x00000000696e8000 	C:\Program Files\Eclipse Adoptium\jdk-8.0.362.9-hotspot\jre\bin\server\jvm.dll
0x00007ffc382c0000 - 0x00007ffc382c8000 	C:\Windows\System32\PSAPI.DLL
0x00007ffc2a310000 - 0x00007ffc2a337000 	C:\Windows\SYSTEM32\WINMM.dll
0x00007ffc31c10000 - 0x00007ffc31c19000 	C:\Windows\SYSTEM32\WSOCK32.dll
0x00007ffc2c5f0000 - 0x00007ffc2c5fa000 	C:\Windows\SYSTEM32\VERSION.dll
0x00007ffc37cb0000 - 0x00007ffc37d1b000 	C:\Windows\System32\WS2_32.dll
0x00007ffc347b0000 - 0x00007ffc347c2000 	C:\Windows\SYSTEM32\kernel.appcore.dll
0x00007ffc30b50000 - 0x00007ffc30b60000 	C:\Program Files\Eclipse Adoptium\jdk-8.0.362.9-hotspot\jre\bin\verify.dll
0x00007ffc2ce40000 - 0x00007ffc2ce6b000 	C:\Program Files\Eclipse Adoptium\jdk-8.0.362.9-hotspot\jre\bin\java.dll
0x00007ffc300a0000 - 0x00007ffc300b8000 	C:\Program Files\Eclipse Adoptium\jdk-8.0.362.9-hotspot\jre\bin\zip.dll
0x00007ffc38640000 - 0x00007ffc38d84000 	C:\Windows\System32\SHELL32.dll
0x00007ffc34aa0000 - 0x00007ffc35233000 	C:\Windows\SYSTEM32\windows.storage.dll
0x00007ffc376c0000 - 0x00007ffc37a14000 	C:\Windows\System32\combase.dll
0x00007ffc362c0000 - 0x00007ffc362ee000 	C:\Windows\SYSTEM32\Wldp.dll
0x00007ffc37c00000 - 0x00007ffc37cad000 	C:\Windows\System32\SHCORE.dll
0x00007ffc38200000 - 0x00007ffc38255000 	C:\Windows\System32\shlwapi.dll
0x00007ffc36810000 - 0x00007ffc3682f000 	C:\Windows\SYSTEM32\profapi.dll
0x0000000065580000 - 0x0000000065616000 	C:\Users\54112\AppData\Local\Temp\libgdx54112\12dfaa03\gdx64.dll
0x00007ffc361a0000 - 0x00007ffc361b8000 	C:\Windows\SYSTEM32\CRYPTSP.dll
0x00007ffc358d0000 - 0x00007ffc35904000 	C:\Windows\system32\rsaenh.dll
0x00007ffc36ef0000 - 0x00007ffc36f17000 	C:\Windows\System32\bcrypt.dll
0x00007ffc367d0000 - 0x00007ffc367fe000 	C:\Windows\SYSTEM32\USERENV.dll
0x00007ffc37020000 - 0x00007ffc370a2000 	C:\Windows\System32\bcryptprimitives.dll
0x00007ffc361c0000 - 0x00007ffc361cc000 	C:\Windows\SYSTEM32\CRYPTBASE.dll
0x00007ffc2cf40000 - 0x00007ffc2cf5c000 	C:\Program Files\Eclipse Adoptium\jdk-8.0.362.9-hotspot\jre\bin\net.dll
0x00007ffc35fb0000 - 0x00007ffc3601a000 	C:\Windows\system32\mswsock.dll
0x00007ffc35ca0000 - 0x00007ffc35cdc000 	C:\Windows\SYSTEM32\IPHLPAPI.DLL
0x00007ffc38d90000 - 0x00007ffc38d98000 	C:\Windows\System32\NSI.dll
0x00007ffc31cd0000 - 0x00007ffc31ce7000 	C:\Windows\SYSTEM32\dhcpcsvc6.DLL
0x00007ffc31cb0000 - 0x00007ffc31ccd000 	C:\Windows\SYSTEM32\dhcpcsvc.DLL
0x00007ffc35ce0000 - 0x00007ffc35dab000 	C:\Windows\SYSTEM32\DNSAPI.dll
0x00007ffc2b480000 - 0x00007ffc2b493000 	C:\Program Files\Eclipse Adoptium\jdk-8.0.362.9-hotspot\jre\bin\nio.dll
0x0000000180000000 - 0x0000000180053000 	C:\Users\54112\AppData\Local\Temp\libgdx54112\dc0f0009\lwjgl64.dll
0x00007ffbf6a70000 - 0x00007ffbf6b95000 	C:\Windows\SYSTEM32\OPENGL32.dll
0x00007ffbf6850000 - 0x00007ffbf687c000 	C:\Windows\SYSTEM32\GLU32.dll
0x000001ba79d10000 - 0x000001ba79d74000 	C:\Users\54112\AppData\Local\Temp\libgdx54112\dc0f0009\OpenAL64.dll
0x00007ffc38430000 - 0x00007ffc3855a000 	C:\Windows\System32\ole32.dll
0x00007ffc344c0000 - 0x00007ffc3455e000 	C:\Windows\system32\uxtheme.dll
0x00007ffc37a20000 - 0x00007ffc37ac9000 	C:\Windows\System32\clbcatq.dll
0x00007ffc28f10000 - 0x00007ffc28fac000 	C:\Windows\SYSTEM32\dsound.dll
0x00007ffc36740000 - 0x00007ffc3678b000 	C:\Windows\SYSTEM32\powrprof.dll
0x00007ffc1c760000 - 0x00007ffc1c786000 	C:\Windows\SYSTEM32\winmmbase.dll
0x00007ffc36720000 - 0x00007ffc36732000 	C:\Windows\SYSTEM32\UMPDC.dll
0x00007ffc32370000 - 0x00007ffc323f5000 	C:\Windows\System32\MMDevApi.dll
0x00007ffc36610000 - 0x00007ffc3663c000 	C:\Windows\System32\DEVOBJ.dll
0x00007ffc37160000 - 0x00007ffc371ae000 	C:\Windows\System32\cfgmgr32.dll
0x00007ffc1cc90000 - 0x00007ffc1ce12000 	C:\Windows\SYSTEM32\AUDIOSES.DLL
0x00007ffc38130000 - 0x00007ffc381fd000 	C:\Windows\System32\OLEAUT32.dll
0x00007ffc32740000 - 0x00007ffc32924000 	C:\Windows\SYSTEM32\dbghelp.dll

VM Arguments:
jvm_args: -Duser.language=es_AR -Dfile.encoding=UTF-8 
java_command: org.uqbar.project.wollok.launch.WollokLauncher -requestsPort 0 -eventsPort 0 -folder -dontValidate -coercingStrategy decimals -wf src/Viborita.wpgm -darkMode
java_class_path (initial): C:\Users\54112\Documents\UNAHUR\Objetos-I\Classroom\Prueba Wollok Game\bin;C:\Users\54112\Documents\UNAHUR\Objetos-I\Wollok\plugins\com.ibm.icu_64.2.0.v20190507-1337.jar;C:\Users\54112\Documents\UNAHUR\Objetos-I\Wollok\plugins\org.eclipse.xtext_2.20.0.v20191202-0915.jar;C:\Users\54112\Documents\UNAHUR\Objetos-I\Wollok\plugins\org.eclipse.emf.ecore.xmi_2.16.0.v20190528-0725.jar;C:\Users\54112\Documents\UNAHUR\Objetos-I\Wollok\plugins\org.eclipse.emf.ecore_2.20.0.v20190920-0401.jar;C:\Users\54112\Documents\UNAHUR\Objetos-I\Wollok\plugins\org.eclipse.emf.common_2.17.0.v20190920-0401.jar;C:\Users\54112\Documents\UNAHUR\Objetos-I\Wollok\plugins\org.antlr.runtime_3.2.0.v201101311130.jar;C:\Users\54112\Documents\UNAHUR\Objetos-I\Wollok\plugins\com.google.inject_3.0.0.v201605172100.jar;C:\Users\54112\Documents\UNAHUR\Objetos-I\Wollok\plugins\org.eclipse.emf.mwe.core_1.5.1.v20191121-1148.jar;C:\Users\54112\Documents\UNAHUR\Objetos-I\Wollok\plugins\org.apache.commons.cli_1.2.0.v201404270220.jar;C:\Users\54112\Documents\UNAHUR\Objetos-I\Wollok\plugins\org.eclipse.emf.mwe2.runtime_2.11.1.v20191121-1148.jar;C:\Users\54112\Documents\UNAHUR\Objetos-I\Wollok\plugins\org.eclipse.emf.mwe.utils_1.5.1.v20191121-1148.jar;C:\Users\54112\Documents\UNAHUR\Objetos-I\Wollok\plugins\org.eclipse.xtext.util_2.20.0.v20191202-0915.jar;C:\Users\54112\Documents\UNAHUR\Objetos-I\Wollok\plugins\com.google.guava_27.1.0.v20190517-1946.jar;C:\Users\54112\Documents\UNAHUR\Objetos-I\Wollok\plugins\javax.inject_1.0.0.v20091030.jar;C:\Users\54112\Documents\UNAHUR\Objetos-I\Wollok\plugins\org.eclipse.xtext.generator_2.20.0.v20191202-0933.jar;C:\Users\54112\Documents\UNAHUR\Objetos-I\Wollok\plugins\org.eclipse.xtext.xtext.generator_2.20.0.v20191202-0915.jar;C:\Users\54112\Documents\UNAHUR\Objetos-I\Wollok\plugins\org.eclipse.xtext.xbase.lib_2.20.0.v20191202-0907.jar;C:\Users\54112\Documents\UNAHUR\Objetos-I\Wollok\plugins\org.eclipse.emf.codegen.ecore_2.20.0.v20191012-0918.jar;C:\
Launcher Type: SUN_STANDARD

Environment Variables:
PATH=C:/Program Files/Eclipse Adoptium/jdk-8.0.362.9-hotspot/bin/../jre/bin/server;C:/Program Files/Eclipse Adoptium/jdk-8.0.362.9-hotspot/bin/../jre/bin;C:/Program Files/Eclipse Adoptium/jdk-8.0.362.9-hotspot/bin/../jre/lib/amd64;C:\Program Files\Eclipse Adoptium\jdk-8.0.362.9-hotspot\bin;C:\Program Files (x86)\NVIDIA Corporation\PhysX\Common;C:\Program Files (x86)\Common Files\Oracle\Java\javapath;C:\Windows\system32;C:\Windows;C:\Windows\System32\Wbem;C:\Windows\System32\WindowsPowerShell\v1.0\;C:\Program Files\dotnet\;C:\Windows\System32\OpenSSH\;C:\Program Files\nodejs\;C:\Program Files\Git\cmd;C:\Program Files\Microsoft SQL Server\140\Tools\Binn\;C:\Program Files\Microsoft SQL Server\150\Tools\Binn\;C:\Program Files (x86)\dotnet\;C:\ProgramData\chocolatey\bin;C:\Program Files\Microsoft SQL Server\Client SDK\ODBC\170\Tools\Binn\;C:\Users\54112\AppData\Local\Microsoft\WindowsApps;;C:\Users\54112\AppData\Local\Programs\Microsoft VS Code\bin;C:\Users\54112\AppData\Roaming\npm;C:\Users\54112\.dotnet\tools;C:\Users\54112\Documents\UNAHUR\Objetos-I\Wollok;
USERNAME=54112
OS=Windows_NT
PROCESSOR_IDENTIFIER=AMD64 Family 25 Model 80 Stepping 0, AuthenticAMD



---------------  S Y S T E M  ---------------

OS: Windows 10 , 64 bit Build 19041 (10.0.19041.2913)

CPU:total 12 (initial active 12) (12 cores per cpu, 1 threads per core) family 25 model 80 stepping 0, cmov, cx8, fxsr, mmx, sse, sse2, sse3, ssse3, sse4.1, sse4.2, popcnt, avx, avx2, aes, clmul, erms, mmxext, 3dnowpref, lzcnt, sse4a, tsc, tscinvbit, tscinv, bmi1

Memory: 4k page, physical 16139584k(8793328k free), swap 19548444k(7070568k free)

vm_info: OpenJDK 64-Bit Server VM (25.362-b09) for windows-amd64 JRE (1.8.0_362-b09), built on Jan 18 2023 17:11:58 by "jenkins" with MS VC++ 15.9 (VS2017)

time: Sun May 14 12:13:15 2023
timezone: Hora estándar de Argentina
elapsed time: 1.476563 seconds (0d 0h 0m 1s)

